<?xml version="1.0" encoding="UTF-8"?>
<!-- Generated by org.testng.reporters.JUnitReportReporter -->
<testsuite hostname="KTLPT1144" failures="0" tests="2" name="Automation_mobile_AppiumFramework.toastMessage" time="21.782" errors="0" timestamp="2024-11-26T12:31:46 IST" skipped="0">
  <testcase classname="Automation_mobile_AppiumFramework.toastMessage" name="incorrectFillForm" time="8.020"/>
  <system-out/>
  <testcase classname="Automation_mobile_AppiumFramework.toastMessage" name="incorrectFillForm" time="13.762"/>
  <system-out/>
</testsuite> <!-- Automation_mobile_AppiumFramework.toastMessage -->
